Using pre-set license
Built from '2021.3/staging' branch; Version is '2021.3.13f1 (9e7d58001ecf) revision 10386776'; Using compiler version '192829333'; Build Type 'Release'
OS: 'Windows 11  (10.0.22000) 64bit CoreSingleLanguage' Language: 'ru' Physical Memory: 15741 MB
BatchMode: 1, IsHumanControllingUs: 0, StartBugReporterOnCrash: 0, Is64bit: 1, IsPro: 1

COMMAND LINE ARGUMENTS:
C:\Program Files\Unity\Hub\Editor\2021.3.13f1\Editor\Unity.exe
-adb2
-batchMode
-noUpm
-name
AssetImportWorker0
-projectPath
C:/Users/lokot/Desktop/Development/Drifting
-logFile
Logs/AssetImportWorker0.log
-srvPort
57307
Successfully changed project path to: C:/Users/lokot/Desktop/Development/Drifting
C:/Users/lokot/Desktop/Development/Drifting
[UnityMemory] Configuration Parameters - Can be set up in boot.config
    "memorysetup-bucket-allocator-granularity=16"
    "memorysetup-bucket-allocator-bucket-count=8"
    "memorysetup-bucket-allocator-block-size=33554432"
    "memorysetup-bucket-allocator-block-count=8"
    "memorysetup-main-allocator-block-size=16777216"
    "memorysetup-thread-allocator-block-size=16777216"
    "memorysetup-gfx-main-allocator-block-size=16777216"
    "memorysetup-gfx-thread-allocator-block-size=16777216"
    "memorysetup-cache-allocator-block-size=4194304"
    "memorysetup-typetree-allocator-block-size=2097152"
    "memorysetup-profiler-bucket-allocator-granularity=16"
    "memorysetup-profiler-bucket-allocator-bucket-count=8"
    "memorysetup-profiler-bucket-allocator-block-size=33554432"
    "memorysetup-profiler-bucket-allocator-block-count=8"
    "memorysetup-profiler-allocator-block-size=16777216"
    "memorysetup-profiler-editor-allocator-block-size=1048576"
    "memorysetup-temp-allocator-size-main=16777216"
    "memorysetup-job-temp-allocator-block-size=2097152"
    "memorysetup-job-temp-allocator-block-size-background=1048576"
    "memorysetup-job-temp-allocator-reduction-small-platforms=262144"
    "memorysetup-temp-allocator-size-background-worker=32768"
    "memorysetup-temp-allocator-size-job-worker=262144"
    "memorysetup-temp-allocator-size-preload-manager=33554432"
    "memorysetup-temp-allocator-size-nav-mesh-worker=65536"
    "memorysetup-temp-allocator-size-audio-worker=65536"
    "memorysetup-temp-allocator-size-cloud-worker=32768"
    "memorysetup-temp-allocator-size-gi-baking-worker=262144"
    "memorysetup-temp-allocator-size-gfx=262144"
Refreshing native plugins compatible for Editor in 138.40 ms, found 3 plugins.
Preloading 0 native plugins for Editor in 0.00 ms.
Initialize engine version: 2021.3.13f1 (9e7d58001ecf)
[Subsystems] Discovering subsystems at path C:/Program Files/Unity/Hub/Editor/2021.3.13f1/Editor/Data/Resources/UnitySubsystems
[Subsystems] Discovering subsystems at path C:/Users/lokot/Desktop/Development/Drifting/Assets
GfxDevice: creating device client; threaded=0; jobified=0
Direct3D:
    Version:  Direct3D 11.0 [level 11.1]
    Renderer: NVIDIA GeForce GTX 1650 (ID=0x1f99)
    Vendor:   NVIDIA
    VRAM:     3962 MB
    Driver:   31.0.15.1748
Initialize mono
Mono path[0] = 'C:/Program Files/Unity/Hub/Editor/2021.3.13f1/Editor/Data/Managed'
Mono path[1] = 'C:/Program Files/Unity/Hub/Editor/2021.3.13f1/Editor/Data/MonoBleedingEdge/lib/mono/unityjit-win32'
Mono config path = 'C:/Program Files/Unity/Hub/Editor/2021.3.13f1/Editor/Data/MonoBleedingEdge/etc'
Using monoOptions --debugger-agent=transport=dt_socket,embedding=1,server=y,suspend=n,address=127.0.0.1:56512
Begin MonoManager ReloadAssembly
Registering precompiled unity dll's ...
Register platform support module: C:/Program Files/Unity/Hub/Editor/2021.3.13f1/Editor/Data/PlaybackEngines/AndroidPlayer/UnityEditor.Android.Extensions.dll
Register platform support module: C:/Program Files/Unity/Hub/Editor/2021.3.13f1/Editor/Data/PlaybackEngines/WindowsStandaloneSupport/UnityEditor.WindowsStandalone.Extensions.dll
Register platform support module: C:/Program Files/Unity/Hub/Editor/2021.3.13f1/Editor/Data/PlaybackEngines/MetroSupport/UnityEditor.UWP.Extensions.dll
Registered in 0.015078 seconds.
Native extension for UWP target not found
Native extension for WindowsStandalone target not found
Native extension for Android target not found
Refreshing native plugins compatible for Editor in 96.06 ms, found 3 plugins.
Preloading 0 native plugins for Editor in 0.00 ms.
Mono: successfully reloaded assembly
- Completed reload, in  0.799 seconds
Domain Reload Profiling:
	ReloadAssembly (799ms)
		BeginReloadAssembly (113ms)
			ExecutionOrderSort (0ms)
			DisableScriptedObjects (0ms)
			BackupInstance (0ms)
			ReleaseScriptingObjects (0ms)
			CreateAndSetChildDomain (1ms)
		EndReloadAssembly (539ms)
			LoadAssemblies (111ms)
			RebuildTransferFunctionScriptingTraits (0ms)
			SetupTypeCache (120ms)
			ReleaseScriptCaches (0ms)
			RebuildScriptCaches (35ms)
			SetupLoadedEditorAssemblies (325ms)
				LogAssemblyErrors (0ms)
				InitializePlatformSupportModulesInManaged (60ms)
				SetLoadedEditorAssemblies (0ms)
				RefreshPlugins (96ms)
				BeforeProcessingInitializeOnLoad (1ms)
				ProcessInitializeOnLoadAttributes (116ms)
				ProcessInitializeOnLoadMethodAttributes (51ms)
				AfterProcessingInitializeOnLoad (0ms)
				EditorAssembliesLoaded (0ms)
			ExecutionOrderSort2 (0ms)
			AwakeInstancesAfterBackupRestoration (0ms)
Platform modules already initialized, skipping
Registering precompiled user dll's ...
Registered in 0.006253 seconds.
Begin MonoManager ReloadAssembly
Symbol file LoadedFromMemory doesn't match image C:\Users\lokot\Desktop\Development\Drifting\Library\PackageCache\com.unity.visualscripting@1.7.8\Editor\VisualScripting.Core\Dependencies\YamlDotNet\Unity.VisualScripting.YamlDotNet.dll
Symbol file LoadedFromMemory doesn't match image C:\Users\lokot\Desktop\Development\Drifting\Library\PackageCache\com.unity.visualscripting@1.7.8\Editor\VisualScripting.Core\Dependencies\DotNetZip\Unity.VisualScripting.IonicZip.dll
Native extension for UWP target not found
Native extension for WindowsStandalone target not found
Native extension for Android target not found
Refreshing native plugins compatible for Editor in 0.81 ms, found 3 plugins.
Preloading 0 native plugins for Editor in 0.00 ms.
Mono: successfully reloaded assembly
- Completed reload, in  1.348 seconds
Domain Reload Profiling:
	ReloadAssembly (1349ms)
		BeginReloadAssembly (287ms)
			ExecutionOrderSort (0ms)
			DisableScriptedObjects (7ms)
			BackupInstance (0ms)
			ReleaseScriptingObjects (0ms)
			CreateAndSetChildDomain (142ms)
		EndReloadAssembly (928ms)
			LoadAssemblies (106ms)
			RebuildTransferFunctionScriptingTraits (0ms)
			SetupTypeCache (306ms)
			ReleaseScriptCaches (1ms)
			RebuildScriptCaches (64ms)
			SetupLoadedEditorAssemblies (417ms)
				LogAssemblyErrors (0ms)
				InitializePlatformSupportModulesInManaged (16ms)
				SetLoadedEditorAssemblies (0ms)
				RefreshPlugins (1ms)
				BeforeProcessingInitializeOnLoad (97ms)
				ProcessInitializeOnLoadAttributes (260ms)
				ProcessInitializeOnLoadMethodAttributes (36ms)
				AfterProcessingInitializeOnLoad (6ms)
				EditorAssembliesLoaded (0ms)
			ExecutionOrderSort2 (0ms)
			AwakeInstancesAfterBackupRestoration (6ms)
Platform modules already initialized, skipping
========================================================================
Worker process is ready to serve import requests
Launched and connected shader compiler UnityShaderCompiler.exe after 0.07 seconds
Refreshing native plugins compatible for Editor in 0.89 ms, found 3 plugins.
Preloading 0 native plugins for Editor in 0.00 ms.
Unloading 3515 Unused Serialized files (Serialized files now loaded: 0)
Unloading 29 unused Assets / (116.2 KB). Loaded Objects now: 4065.
Memory consumption went from 150.4 MB to 150.2 MB.
Total: 3.261900 ms (FindLiveObjects: 0.358600 ms CreateObjectMapping: 0.109800 ms MarkObjects: 2.612400 ms  DeleteObjects: 0.178800 ms)

AssetImportParameters requested are different than current active one (requested -> active):
  custom:video-decoder-ogg-theora: a1e56fd34408186e4bbccfd4996cb3dc -> 
  custom:container-muxer-webm: aa71ff27fc2769a1b78a27578f13a17b -> 
  custom:container-demuxer-webm: 4f35f7cbe854078d1ac9338744f61a02 -> 
  custom:video-encoder-webm-vp8: eb34c28f22e8b96e1ab97ce403110664 -> 
  custom:video-codec-MediaFoundation-h265: 746d11721c4dcdbdad8f713fa42b33f4 -> 
  custom:audio-encoder-webm-vorbis: bf7c407c2cedff20999df2af8eb42d56 -> 
  custom:framework-win-MediaFoundation: 216162199b28c13a410421893ffa2e32 -> 
  custom:container-demuxer-ogg: 62fdf1f143b41e24485cea50d1cbac27 -> 
  custom:video-decoder-webm-vp8: 9c59270c3fd7afecdb556c50c9e8de78 -> 
  custom:audio-decoder-ogg-vorbis: bf7c407c2cedff20999df2af8eb42d56 -> 
========================================================================
Received Import Request.
  Time since last request: 31471.059132 seconds.
  path: Assets/ВИТАЛЯ
  artifactKey: Guid(102e2ae52e7737e49a8689b23b206528) Importer(815301076,1909f56bfc062723c751e8b465ee728b)
Start importing Assets/ВИТАЛЯ using Guid(102e2ae52e7737e49a8689b23b206528) Importer(815301076,1909f56bfc062723c751e8b465ee728b)  -> (artifact id: '76621c4526b7cedd61966809c69ec5a0') in 0.013123 seconds 
========================================================================
Received Import Request.
  Time since last request: 3.658104 seconds.
  path: Assets/ВИТАЛЯ/Кастрюля.fbx
  artifactKey: Guid(44eb9d31821f0da4fa3d17c11c6807a9) Importer(815301076,1909f56bfc062723c751e8b465ee728b)
Start importing Assets/ВИТАЛЯ/Кастрюля.fbx using Guid(44eb9d31821f0da4fa3d17c11c6807a9) Importer(815301076,1909f56bfc062723c751e8b465ee728b)  -> (artifact id: 'f0ee4b7a1262c7ac44f37c90420616f8') in 0.523209 seconds 
========================================================================
Received Import Request.
  Time since last request: 0.000039 seconds.
  path: Assets/ВИТАЛЯ/Стали.fbx
  artifactKey: Guid(668be91a76105ef48adb93f78ce92da6) Importer(815301076,1909f56bfc062723c751e8b465ee728b)
Start importing Assets/ВИТАЛЯ/Стали.fbx using Guid(668be91a76105ef48adb93f78ce92da6) Importer(815301076,1909f56bfc062723c751e8b465ee728b)  -> (artifact id: '39e0bcd39f5edc586c6a0e85d71c41af') in 0.138418 seconds 
========================================================================
Received Import Request.
  Time since last request: 41.469670 seconds.
  path: Assets/Scenes/SampleScene.unity
  artifactKey: Guid(9fc0d4010bbf28b4594072e72b8655ab) Importer(815301076,1909f56bfc062723c751e8b465ee728b)
Start importing Assets/Scenes/SampleScene.unity using Guid(9fc0d4010bbf28b4594072e72b8655ab) Importer(815301076,1909f56bfc062723c751e8b465ee728b)  -> (artifact id: '9e83a1bb1f31c2fa50bcfc98a8b09f81') in 0.006993 seconds 
========================================================================
Received Import Request.
  Time since last request: 358.149556 seconds.
  path: Assets/ВИТАЛЯ/Стали.fbm
  artifactKey: Guid(35f9eaa5319d83b41b2fd3dc4ed14fa6) Importer(815301076,1909f56bfc062723c751e8b465ee728b)
Start importing Assets/ВИТАЛЯ/Стали.fbm using Guid(35f9eaa5319d83b41b2fd3dc4ed14fa6) Importer(815301076,1909f56bfc062723c751e8b465ee728b)  -> (artifact id: 'a41d63acf298279a5db5525ce932b421') in 0.007854 seconds 
========================================================================
Received Import Request.
  Time since last request: 0.044077 seconds.
  path: Assets/ВИТАЛЯ/Стали.fbm/black.png
  artifactKey: Guid(992c1fcb8f5310548b608b43cb1a2ad7) Importer(815301076,1909f56bfc062723c751e8b465ee728b)
Start importing Assets/ВИТАЛЯ/Стали.fbm/black.png using Guid(992c1fcb8f5310548b608b43cb1a2ad7) Importer(815301076,1909f56bfc062723c751e8b465ee728b)  -> (artifact id: 'ec3d74c7cb2ded60eae1139635112362') in 0.050343 seconds 
========================================================================
Received Import Request.
  Time since last request: 2.362801 seconds.
  path: Assets/ВИТАЛЯ/Наждачка.fbm
  artifactKey: Guid(42760a49bb53e364baf740b1bc043738) Importer(815301076,1909f56bfc062723c751e8b465ee728b)
Start importing Assets/ВИТАЛЯ/Наждачка.fbm using Guid(42760a49bb53e364baf740b1bc043738) Importer(815301076,1909f56bfc062723c751e8b465ee728b)  -> (artifact id: 'e7936a1cc4511103c877163b2bbbc83d') in 0.010954 seconds 
========================================================================
Received Import Request.
  Time since last request: 0.029451 seconds.
  path: Assets/ВИТАЛЯ/Наждачка.fbm/kwn0hxzf.jpg
  artifactKey: Guid(a1b6193490ec98449adf14a08a69d1d7) Importer(815301076,1909f56bfc062723c751e8b465ee728b)
Start importing Assets/ВИТАЛЯ/Наждачка.fbm/kwn0hxzf.jpg using Guid(a1b6193490ec98449adf14a08a69d1d7) Importer(815301076,1909f56bfc062723c751e8b465ee728b)  -> (artifact id: '197a90b01dc6425aa9aecf45d5510ba3') in 0.024176 seconds 
